NP_003864.5 a1b2
NP_001231901.2 a1b2
NP_001231902.2 a1b2
XP_006717584.1 a1b2
XP_006717588.1 a1b2
XP_006717587.1 a1b2
XP_006717585.1 a1b2
XP_016872354.1 a1b2
XP_011518058.1 a1b2
AAC12921.1 a1b2
NP_001316997.2 a1b2
XP_011518057.1 a1b2
XP_006717589.1 a1b2
ABY87548.1 a1b2
XP_004049296.1 a1b2
XP_004049297.1 a1b2
AAP80144.1 a1b2
NP_001019799.2 a1b2
XP_001143771.3 a1b2
XP_001143690.1 a1b2
AAC51759.1 a1b2
XP_003814838.1 a1b2
NP_001019800.2 a1b2
XP_008965872.1 a1b2
AAP36396.1 a1b2
AAF44344.1 a1b2
ACE87254.1 a1b2
XP_034786158.1 a1b2
ACE86571.1 a1b2
AAH07737.1 a1b2
XP_031999683.1 a1b2
PNI60914.1 a1b2
PNJ39718.1 a1b2
BAF85511.1 a1b2
XP_030653991.1 a1b2
XP_031999689.1 a1b2
AAQ14300.1 a1b2
XP_009243529.2 a1b2
NP_001125021.1 a1b2
XP_030653990.1 a1b2
AAG41406.1 a1b2
XP_009456512.1 a1b2
XP_018890643.1 a1b2
PNJ39710.1 a1b2
XP_009243527.2 a1b2
XP_009243528.2 a1b2
PNI60917.1 a1b2
CAH18187.1 a1b2
PNI60918.1 a1b2
PNI60911.1 a1b2
PNJ39713.1 a1b2
XP_009243530.2 a1b2
XP_009243531.2 a1b2
XP_031999698.1 a1b2
PNJ39714.1 a1b2
PNJ39716.1 a1b2
PNJ39717.1 a1b2
CAH90895.1 a1b2
PNJ39719.1 a1b2
XP_017727115.1 a1b2
XP_011940183.1 a1b2
XP_011940188.1 a1b2
XP_008000945.1 a1b2
XP_008000949.1 a1b2
XP_011940185.1 a1b2
XP_017727126.1 a1b2
XP_011940186.1 a1b2
XP_030796602.1 a1b2
XP_011940187.1 a1b2
XP_008000946.1 a1b2
XP_011848691.1 a1b2
XP_011848693.1 a1b2
XP_017727137.1 a1b2
XP_017727147.1 a1b2
XP_025251863.1 a1b2
XP_010362735.1 a1b2
XP_011940189.1 a1b2
XP_025251865.1 a1b2
XP_037842435.1 a1b2
XP_011848695.1 a1b2
XP_008000947.1 a1b2
XP_017727156.1 a1b2
XP_030796604.1 a1b2
XP_008000948.1 a1b2
XP_025251861.1 a1b2
XP_010362736.1 a1b2
XP_030796603.1 a1b2
XP_010362737.1 a1b2
XP_011811575.1 a1b2
XP_033064313.1 a1b2
XP_011848694.1 a1b2
XP_017727167.1 a1b2
XP_025251864.1 a1b2
XP_023073916.1 a1b2
XP_033064315.1 a1b2
XP_033064317.1 a1b2
XP_033064316.1 a1b2
XP_033064314.1 a1b2
XP_011811573.1 a1b2
XP_005564996.1 a1b2
XP_011811577.1 a1b2
XP_011811576.1 a1b2
XP_023073917.1 a1b2
XP_033064318.1 a1b2
NP_001252745.1 a1b2
XP_031508263.1 a1b2
XP_031508264.1 a1b2
XP_031508261.1 a1b2
XP_011736551.1 a1b2
XP_005564995.1 a1b2
XP_031508265.1 a1b2
XP_011736548.1 a1b2
XP_011736549.1 a1b2
XP_017727175.1 a1b2
XP_010362738.1 a1b2
XP_005564994.1 a1b2
XP_011736550.1 a1b2
XP_025251868.1 a1b2
XP_009212489.1 a1b2
XP_011848698.1 a1b2
XP_011811579.1 a1b2
XP_011940191.1 a1b2
XP_011736552.1 a1b2
XP_005564997.1 a1b2
XP_023073918.1 a1b2
BAD92878.1 a1b2
XP_039076463.1 a1b2
XP_039076464.1 a1b2
XP_039076467.1 a1b2
XP_039076466.1 a1b2
XP_003988265.1 a1b2
XP_007092922.2 a1b2
XP_006933415.1 a1b2
XP_006933414.1 a1b2
XP_003988264.1 a1b2
XP_030177558.1 a1b2
XP_030177557.1 a1b2
XP_030177556.1 a1b2
XP_026929574.1 a1b2
XP_008682128.1 a1b2
XP_026339256.1 a1b2
XP_026339255.1 a1b2
XP_026929571.1 a1b2
XP_026929573.1 a1b2
XP_030177555.1 a1b2
XP_026339254.1 a1b2
KAF0877286.1 a1b2
XP_014705108.1 a1b2
XP_008682129.1 a1b2
XP_026929572.1 a1b2
XP_008682130.1 a1b2
XP_026339257.1 a1b2
XP_014705106.1 a1b2
XP_014705107.1 a1b2
XP_014705109.1 a1b2
XP_025786740.1 a1b2
XP_023487879.1 a1b2
XP_023487878.1 a1b2
XP_001915416.2 a1b2
VFV46872.1 a1b2
EFB17665.1 a1b2
XP_032251566.1 a1b2
XP_029810125.1 a1b2
XP_032251569.1 a1b2
XP_034885423.1 a1b2
XP_032251568.1 a1b2
XP_034885422.1 a1b2
XP_034885421.1 a1b2
XP_034885424.1 a1b2
XP_032474543.1 a1b2
VFV46873.1 a1b2
XP_023487880.1 a1b2
XP_032251570.1 a1b2
XP_032474465.1 a1b2
XP_029092734.1 a1b2
XP_032474530.1 a1b2
XP_032474509.1 a1b2
XP_032474493.1 a1b2
XP_012497644.1 a1b2
XP_032474484.1 a1b2
XP_032474517.1 a1b2
XP_005668236.1 a1b2
XP_005668233.1 a1b2
XP_005668235.1 a1b2
XP_025856626.1 a1b2
XP_012497643.1 a1b2
XP_003130846.1 a1b2
XP_029092735.1 a1b2
XP_025856624.1 a1b2
XP_029092730.1 a1b2
XP_032474537.1 a1b2
XP_005617004.1 a1b2
XP_025856625.1 a1b2
XP_025741567.1 a1b2
XP_036768101.1 a1b2
XP_029092733.1 a1b2
XP_025856623.1 a1b2
XP_021541700.1 a1b2
XP_005617003.1 a1b2
XP_025741568.1 a1b2
XP_007104683.1 a1b2
XP_003638924.1 a1b2
XP_024621847.1 a1b2
XP_025741569.1 a1b2
XP_007104684.1 a1b2
XP_025334288.1 a1b2
XP_007104681.1 a1b2
XP_014639036.1 a1b2
XP_036768102.1 a1b2
XP_022436148.1 a1b2
XP_024621856.1 a1b2
XP_004425296.1 a1b2
XP_004425297.1 a1b2
XP_024621836.1 a1b2
XP_036768099.1 a1b2
XP_020728353.1 a1b2
XP_036768100.1 a1b2
XP_014639035.1 a1b2
KAF4023169.1 a1b2
XP_007104682.1 a1b2
XP_025741570.1 a1b2
XP_024621843.1 a1b2
XP_004774343.2 a1b2
XP_022436147.1 a1b2
XP_020728355.1 a1b2
XP_020728356.1 a1b2
XP_022436149.1 a1b2
XP_020728354.1 a1b2
XP_022436145.1 a1b2
XP_032205217.1 a1b2
XP_030692947.1 a1b2
XP_004774342.1 a1b2
XP_004774341.1 a1b2
XP_030692952.1 a1b2
XP_030692953.1 a1b2
XP_004275963.1 a1b2
XP_017532532.1 a1b2
XP_012390665.1 a1b2
XP_004774340.1 a1b2
XP_030692954.1 a1b2
XP_026977561.1 a1b2
XP_032205219.1 a1b2
XP_032205220.1 a1b2
XP_032205218.1 a1b2
XP_022371401.1 a1b2
XP_004275964.1 a1b2
XP_012418332.1 a1b2
XP_022371402.1 a1b2
XP_017532534.1 a1b2
XP_004401884.1 a1b2
