5L73_A {'MAM'}
XP_030888455.1 {'MAM'}
XP_011848697.1 {'MAM'}
XP_025251866.1 {'MAM'}
PNI60915.1 {'MAM'}
XP_016872355.1 {'MAM'}
PNJ39715.1 {'MAM'}
ELW48461.1 {'MAM'}
KAF6372187.1 {'MAM,cyt'}
XP_008589590.1 {'MAM,cyt'}
XP_025786740.1 {'MAM,cyt,a1b2'}
XP_008507346.1 {'MAM'}
XP_005890242.1 {'MAM'}
KAF3815799.1 {'MAM'}
XP_012864692.1 {'MAM'}
XP_005564996.1 {'MAM,cyt,a1b2'}
XP_006717588.1 {'MAM,cyt,a1b2'}
BAD92878.1 {'MAM,cyt,a1b2'}
XP_011736551.1 {'MAM,cyt,a1b2'}
XP_015338953.1 {'MAM,cyt'}
XP_026260953.1 {'MAM,cyt'}
XP_005330882.1 {'MAM,cyt'}
XP_021565435.1 {'MAM,cyt'}
XP_011736549.1 {'MAM,cyt,a1b2'}
XP_011940187.1 {'MAM,cyt,a1b2'}
XP_031508265.1 {'MAM,a1b2'}
XP_012631964.1 {'MAM'}
XP_004049297.1 {'MAM,a1b2'}
XP_012497644.1 {'MAM,a1b2'}
XP_005564994.1 {'MAM,cyt,a1b2'}
XP_008050742.1 {'MAM,cyt'}
XP_031508263.1 {'MAM,a1b2'}
XP_001143771.3 {'MAM,cyt,a1b2'}
XP_011848694.1 {'MAM,cyt,a1b2'}
XP_025251861.1 {'MAM,cyt,a1b2'}
XP_011848691.1 {'MAM,cyt,a1b2'}
NP_001252745.1 {'MAM,cyt,a1b2'}
XP_030653991.1 {'MAM,cyt,a1b2'}
XP_031999689.1 {'MAM,cyt,a1b2'}
XP_012631962.1 {'MAM'}
XP_011940185.1 {'MAM,cyt,a1b2'}
NP_001231902.2 {'MAM,cyt,a1b2'}
XP_005330881.1 {'MAM,cyt'}
XP_026260952.1 {'MAM,cyt'}
XP_015338952.1 {'MAM,cyt'}
XP_031999683.1 {'MAM,cyt,a1b2'}
CAH18187.1 {'MAM,cyt,a1b2'}
XP_025251864.1 {'MAM,cyt,a1b2'}
XP_012497643.1 {'MAM,a1b2'}
XP_011736548.1 {'MAM,cyt,a1b2'}
XP_001143690.1 {'MAM,cyt,a1b2'}
AAC51759.1 {'MAM,cyt,a1b2'}
ABY87548.1 {'MAM,cyt,a1b2'}
XP_030653990.1 {'MAM,cyt,a1b2'}
XP_004049296.1 {'MAM,a1b2'}
ACE86571.1 {'MAM,a1b2'}
NP_003864.5 {'MAM,cyt,a1b2'}
ACE87254.1 {'MAM,cyt,a1b2'}
VTJ76605.1 {'MAM,cyt'}
VTJ76604.1 {'MAM,cyt'}
XP_016872354.1 {'MAM,cyt,a1b2'}
NP_001316997.2 {'MAM,cyt,a1b2'}
XP_003814838.1 {'MAM,cyt,a1b2'}
XP_009243529.2 {'MAM,cyt,a1b2'}
XP_011736550.1 {'MAM,cyt,a1b2'}
PNJ39710.1 {'MAM,cyt,a1b2'}
KAF6372188.1 {'MAM,cyt'}
XP_036983300.1 {'MAM'}
XP_025251865.1 {'MAM,cyt,a1b2'}
XP_005564995.1 {'MAM,cyt,a1b2'}
XP_019828556.1 {'MAM'}
XP_012631966.1 {'MAM'}
XP_019828559.1 {'MAM'}
XP_011848695.1 {'MAM,cyt,a1b2'}
XP_011940189.1 {'MAM,cyt,a1b2'}
XP_036983297.1 {'MAM'}
XP_027784453.1 {'MAM,cyt'}
PNJ39713.1 {'MAM,cyt,a1b2'}
XP_027832380.1 {'MAM'}
XP_020728354.1 {'MAM,a1b2'}
XP_027832378.1 {'MAM'}
XP_006063271.1 {'MAM'}
XP_020016824.1 {'MAM,cyt'}
XP_006158350.1 {'MAM,cyt'}
XP_010598582.1 {'MAM'}
XP_027784450.1 {'MAM,cyt'}
XP_006063269.1 {'MAM'}
XP_020728356.1 {'MAM,a1b2'}
XP_020016821.1 {'MAM,cyt'}
VFV46875.1 {'MAM,cyt'}
XP_003420766.1 {'MAM'}
XP_008154499.1 {'MAM'}
XP_008154501.1 {'MAM'}
VFV46874.1 {'MAM,cyt'}
XP_004861935.1 {'MAM'}
XP_004861936.1 {'MAM'}
EHB16736.1 {'MAM'}
XP_004691227.1 {'MAM,cyt'}
XP_006158352.1 {'MAM,cyt'}
XP_023395562.1 {'MAM'}
XP_004691225.1 {'MAM,cyt'}
KAB0382652.1 {'MAM'}
XP_010858190.1 {'MAM'}
NP_001125021.1 {'MAM,cyt,a1b2'}
XP_019828562.1 {'MAM'}
XP_010809435.1 {'MAM'}
XP_010858188.1 {'MAM'}
XP_005890241.1 {'MAM'}
XP_019828560.1 {'MAM'}
XP_005890239.1 {'MAM'}
NP_001192589.1 {'MAM'}
XP_023395555.1 {'MAM'}
XP_004861938.1 {'MAM'}
XP_004401884.1 {'MAM,a1b2'}
XP_025741570.1 {'MAM,a1b2'}
XP_021520845.1 {'MAM,cyt'}
XP_026929574.1 {'MAM,cyt,a1b2'}
XP_008998401.1 {'MAM,cyt'}
XP_037691517.1 {'MAM'}
XP_004401883.1 {'MAM'}
XP_023597745.1 {'MAM'}
XP_037691516.1 {'MAM'}
XP_017912560.1 {'MAM'}
XP_006933415.1 {'MAM,cyt,a1b2'}
XP_008000946.1 {'MAM,cyt,a1b2'}
XP_032115556.1 {'MAM,cyt'}
XP_017912562.1 {'MAM'}
XP_025741568.1 {'MAM,a1b2'}
XP_039076464.1 {'MAM,cyt,a1b2'}
XP_039076467.1 {'MAM,cyt,a1b2'}
XP_002750200.1 {'MAM,cyt'}
XP_008000948.1 {'MAM,cyt,a1b2'}
XP_007104682.1 {'MAM,a1b2'}
ELK13147.1 {'MAM,cyt'}
XP_007104684.1 {'MAM,a1b2'}
XP_026929572.1 {'MAM,cyt,a1b2'}
KFO18907.1 {'MAM'}
XP_021541700.1 {'MAM,a1b2'}
XP_017390874.1 {'MAM,cyt'}
XP_030177558.1 {'MAM,cyt,a1b2'}
XP_034885422.1 {'MAM,a1b2'}
XP_030177556.1 {'MAM,cyt,a1b2'}
XP_003988264.1 {'MAM,cyt,a1b2'}
XP_021520844.1 {'MAM,cyt'}
XP_034885424.1 {'MAM,a1b2'}
XP_032251570.1 {'MAM,a1b2'}
XP_027784454.1 {'MAM,cyt'}
XP_024430636.1 {'MAM,cyt'}
XP_007471386.1 {'MAM'}
XP_017390873.1 {'MAM,cyt'}
AAC12921.1 {'MAM,cyt,a1b2'}
XP_032115555.1 {'MAM,cyt'}
XP_032251568.1 {'MAM,a1b2'}
XP_037842435.1 {'MAM,cyt,a1b2'}
XP_007471384.1 {'MAM'}
XP_006717587.1 {'MAM,cyt,a1b2'}
XP_026339257.1 {'MAM,a1b2'}
XP_026339255.1 {'MAM,a1b2'}
KAF6388110.1 {'MAM,cyt'}
XP_005003257.1 {'MAM'}
XP_017390875.1 {'MAM,cyt'}
XP_002750202.1 {'MAM,cyt'}
XP_004275963.1 {'MAM,a1b2'}
OBS68730.1 {'MAM'}
AAP80144.1 {'MAM,cyt,a1b2'}
XP_008682128.1 {'MAM,a1b2'}
EFB17665.1 {'MAM,cyt,a1b2'}
XP_004275964.1 {'MAM,a1b2'}
XP_032115557.1 {'MAM,cyt'}
KAB0353081.1 {'MAM'}
BAF85511.1 {'MAM,cyt,a1b2'}
XP_007471387.1 {'MAM'}
XP_008682130.1 {'MAM,a1b2'}
XP_003468670.1 {'MAM'}
XP_021565434.1 {'MAM,cyt'}
KAF6372190.1 {'MAM,cyt'}
XP_036983301.1 {'MAM'}
NP_001231901.2 {'MAM,cyt,a1b2'}
XP_012631963.1 {'MAM'}
XP_031508264.1 {'MAM,a1b2'}
XP_002923798.2 {'MAM,cyt'}
XP_011940186.1 {'MAM,cyt,a1b2'}
XP_031508261.1 {'MAM,a1b2'}
XP_011848693.1 {'MAM,cyt,a1b2'}
XP_006911425.1 {'MAM,cyt'}
XP_011940183.1 {'MAM,cyt,a1b2'}
XP_012631961.1 {'MAM'}
XP_011374625.1 {'MAM,cyt'}
XP_039695702.1 {'MAM,cyt'}
XP_006871318.1 {'MAM'}
XP_025251863.1 {'MAM,cyt,a1b2'}
XP_032961604.1 {'MAM,cyt'}
XP_006871316.1 {'MAM'}
XP_006717584.1 {'MAM,cyt,a1b2'}
XP_036895774.1 {'MAM'}
XP_006911424.1 {'MAM,cyt'}
XP_007189911.1 {'MAM'}
XP_011374623.1 {'MAM,cyt'}
XP_039695700.1 {'MAM,cyt'}
XP_036895772.1 {'MAM'}
XP_032961603.1 {'MAM'}
XP_007940641.1 {'MAM,cyt'}
KAF6372191.1 {'MAM,cyt'}
XP_028361291.1 {'MAM,cyt'}
XP_005885576.1 {'MAM,cyt'}
XP_007940643.1 {'MAM,cyt'}
XP_036206668.1 {'MAM,cyt'}
XP_005003259.1 {'MAM'}
XP_006771017.1 {'MAM,cyt'}
XP_009243528.2 {'MAM,cyt,a1b2'}
XP_007189909.1 {'MAM'}
XP_027988109.1 {'MAM'}
XP_005885574.1 {'MAM,cyt'}
XP_006771015.1 {'MAM,cyt'}
XP_006717585.1 {'MAM,cyt,a1b2'}
XP_035883398.1 {'MAM,cyt'}
XP_009243527.2 {'MAM,cyt,a1b2'}
XP_006871319.1 {'MAM'}
XP_036206682.1 {'MAM,cyt'}
XP_027988108.1 {'MAM'}
XP_022371399.1 {'MAM,cyt'}
XP_004774342.1 {'MAM,cyt,a1b2'}
XP_019828557.1 {'MAM'}
XP_032693700.1 {'MAM,cyt'}
XP_011940188.1 {'MAM,cyt,a1b2'}
XP_037366360.1 {'MAM,cyt'}
XP_036103118.1 {'MAM'}
XP_032474530.1 {'MAM,a1b2'}
XP_022371398.1 {'MAM,cyt'}
XP_036983299.1 {'MAM'}
XP_012631965.1 {'MAM'}
XP_036103135.1 {'MAM'}
XP_032693698.1 {'MAM,cyt'}
XP_036983296.1 {'MAM'}
XP_019828555.1 {'MAM'}
XP_037366359.1 {'MAM,cyt'}
XP_004774340.1 {'MAM,cyt,a1b2'}
KAF6501651.1 {'MAM'}
XP_027988110.1 {'MAM'}
XP_027784451.1 {'MAM,cyt'}
XP_022436149.1 {'MAM,a1b2'}
XP_019508159.1 {'MAM,cyt'}
XP_022436147.1 {'MAM,a1b2'}
XP_032474493.1 {'MAM,a1b2'}
XP_027832379.1 {'MAM'}
XP_020728353.1 {'MAM,a1b2'}
XP_024621856.1 {'MAM,a1b2'}
XP_006063270.1 {'MAM'}
XP_010598581.1 {'MAM'}
XP_006158349.1 {'MAM,cyt'}
PNJ39724.1 {'cyt'}
PNI60923.1 {'cyt'}
XP_007092922.2 {'cyt,a1b2'}
XP_010202298.1 {'cyt'}
XP_036768099.1 {'cyt,a1b2'}
XP_036768100.1 {'cyt,a1b2'}
XP_036768101.1 {'cyt,a1b2'}
XP_036768102.1 {'cyt,a1b2'}
EPY80402.1 {'cyt'}
XP_011374622.1 {'cyt'}
XP_011374624.1 {'cyt'}
XP_017532532.1 {'cyt,a1b2'}
XP_039695699.1 {'cyt'}
XP_017532534.1 {'cyt,a1b2'}
XP_015444422.1 {'cyt'}
XP_015444423.1 {'cyt'}
XP_039695701.1 {'cyt'}
KAF6431969.1 {'cyt'}
KAF6372194.1 {'cyt'}
OWK03428.1 {'cyt'}
XP_005617003.1 {'cyt,a1b2'}
XP_025334288.1 {'cyt,a1b2'}
XP_025856623.1 {'cyt,a1b2'}
XP_025856624.1 {'cyt,a1b2'}
XP_003638924.1 {'cyt,a1b2'}
XP_025856625.1 {'cyt,a1b2'}
XP_025856626.1 {'cyt,a1b2'}
XP_015978833.2 {'cyt'}
XP_015978835.2 {'cyt'}
XP_004476205.1 {'cyt'}
XP_004476206.1 {'cyt'}
XP_005617004.1 {'cyt,a1b2'}
XP_015978836.2 {'cyt'}
XP_015978837.2 {'cyt'}
XP_007940642.1 {'cyt'}
XP_004476207.1 {'cyt'}
XP_004476208.1 {'cyt'}
KAF6372186.1 {'cyt'}
XP_039334594.1 {'cyt'}
XP_004702349.1 {'cyt'}
XP_035883392.1 {'cyt'}
XP_003938421.1 {'cyt'}
XP_022371402.1 {'cyt,a1b2'}
XP_004702347.1 {'cyt'}
XP_028361292.1 {'cyt'}
XP_006889008.1 {'cyt'}
XP_010347346.1 {'cyt'}
XP_039076463.1 {'cyt,a1b2'}
XP_032693696.1 {'cyt'}
XP_004702350.1 {'cyt'}
XP_004702348.1 {'cyt'}
XP_006933414.1 {'cyt,a1b2'}
XP_030177555.1 {'cyt,a1b2'}
XP_039076466.1 {'cyt,a1b2'}
XP_032693699.1 {'cyt'}
KAF0877286.1 {'cyt,a1b2'}
XP_004774343.2 {'cyt,a1b2'}
XP_032205217.1 {'cyt,a1b2'}
XP_011811573.1 {'cyt,a1b2'}
XP_032205218.1 {'cyt,a1b2'}
XP_030177557.1 {'cyt,a1b2'}
XP_003988265.1 {'cyt,a1b2'}
XP_022371401.1 {'cyt,a1b2'}
XP_011811577.1 {'cyt,a1b2'}
ELK24747.1 {'cyt'}
XP_004774341.1 {'cyt,a1b2'}
XP_011811575.1 {'cyt,a1b2'}
XP_011811576.1 {'cyt,a1b2'}
XP_006889005.1 {'cyt'}
XP_017727115.1 {'cyt,a1b2'}
XP_023073916.1 {'cyt,a1b2'}
XP_017727126.1 {'cyt,a1b2'}
VFV46872.1 {'cyt,a1b2'}
XP_032205219.1 {'cyt,a1b2'}
XP_032205220.1 {'cyt,a1b2'}
XP_030796602.1 {'cyt,a1b2'}
XP_026929571.1 {'cyt,a1b2'}
XP_010362735.1 {'cyt,a1b2'}
XP_017727137.1 {'cyt,a1b2'}
XP_006889006.1 {'cyt'}
XP_030796603.1 {'cyt,a1b2'}
XP_026929573.1 {'cyt,a1b2'}
XP_017727147.1 {'cyt,a1b2'}
XP_010362736.1 {'cyt,a1b2'}
XP_006889007.1 {'cyt'}
VFV46873.1 {'cyt,a1b2'}
XP_017727156.1 {'cyt,a1b2'}
XP_030796604.1 {'cyt,a1b2'}
XP_023073917.1 {'cyt,a1b2'}
XP_010362737.1 {'cyt,a1b2'}
XP_017727167.1 {'cyt,a1b2'}
XP_029810125.1 {'cyt,a1b2'}
XP_008000945.1 {'cyt,a1b2'}
XP_008000949.1 {'cyt,a1b2'}
XP_008000947.1 {'cyt,a1b2'}
XP_019508156.1 {'cyt'}
XP_019508157.1 {'cyt'}
XP_003786764.1 {'cyt'}
XP_003786765.1 {'cyt'}
XP_005885572.1 {'cyt'}
XP_005885575.1 {'cyt'}
XP_019508158.1 {'cyt'}
XP_012658809.1 {'cyt'}
XP_006158351.1 {'cyt'}
XP_036206692.1 {'cyt'}
KAF6431970.1 {'cyt'}
XP_014388254.1 {'cyt'}
XP_036206654.1 {'cyt'}
XP_006771012.1 {'cyt'}
XP_036206677.1 {'cyt'}
XP_006771016.1 {'cyt'}
AAK77867.1 {'cyt'}
XP_010957726.1 {'cyt'}
XP_036206701.1 {'cyt'}
XP_015424127.1 {'cyt'}
XP_011518058.1 {'a1b2'}
XP_011518057.1 {'a1b2'}
XP_006717589.1 {'a1b2'}
NP_001019799.2 {'a1b2'}
NP_001019800.2 {'a1b2'}
XP_008965872.1 {'a1b2'}
AAP36396.1 {'a1b2'}
AAF44344.1 {'a1b2'}
XP_034786158.1 {'a1b2'}
AAH07737.1 {'a1b2'}
PNI60914.1 {'a1b2'}
PNJ39718.1 {'a1b2'}
AAQ14300.1 {'a1b2'}
AAG41406.1 {'a1b2'}
XP_009456512.1 {'a1b2'}
XP_018890643.1 {'a1b2'}
PNI60917.1 {'a1b2'}
PNI60918.1 {'a1b2'}
PNI60911.1 {'a1b2'}
XP_009243530.2 {'a1b2'}
XP_009243531.2 {'a1b2'}
XP_031999698.1 {'a1b2'}
PNJ39714.1 {'a1b2'}
PNJ39716.1 {'a1b2'}
PNJ39717.1 {'a1b2'}
CAH90895.1 {'a1b2'}
PNJ39719.1 {'a1b2'}
XP_033064313.1 {'a1b2'}
XP_033064315.1 {'a1b2'}
XP_033064317.1 {'a1b2'}
XP_033064316.1 {'a1b2'}
XP_033064314.1 {'a1b2'}
XP_033064318.1 {'a1b2'}
XP_017727175.1 {'a1b2'}
XP_010362738.1 {'a1b2'}
XP_025251868.1 {'a1b2'}
XP_009212489.1 {'a1b2'}
XP_011848698.1 {'a1b2'}
XP_011811579.1 {'a1b2'}
XP_011940191.1 {'a1b2'}
XP_011736552.1 {'a1b2'}
XP_005564997.1 {'a1b2'}
XP_023073918.1 {'a1b2'}
XP_026339256.1 {'a1b2'}
XP_026339254.1 {'a1b2'}
XP_014705108.1 {'a1b2'}
XP_008682129.1 {'a1b2'}
XP_014705106.1 {'a1b2'}
XP_014705107.1 {'a1b2'}
XP_014705109.1 {'a1b2'}
XP_023487879.1 {'a1b2'}
XP_023487878.1 {'a1b2'}
XP_001915416.2 {'a1b2'}
XP_032251566.1 {'a1b2'}
XP_032251569.1 {'a1b2'}
XP_034885423.1 {'a1b2'}
XP_034885421.1 {'a1b2'}
XP_032474543.1 {'a1b2'}
XP_023487880.1 {'a1b2'}
XP_032474465.1 {'a1b2'}
XP_029092734.1 {'a1b2'}
XP_032474509.1 {'a1b2'}
XP_032474484.1 {'a1b2'}
XP_032474517.1 {'a1b2'}
XP_005668236.1 {'a1b2'}
XP_005668233.1 {'a1b2'}
XP_005668235.1 {'a1b2'}
XP_003130846.1 {'a1b2'}
XP_029092735.1 {'a1b2'}
XP_029092730.1 {'a1b2'}
XP_032474537.1 {'a1b2'}
XP_025741567.1 {'a1b2'}
XP_029092733.1 {'a1b2'}
XP_007104683.1 {'a1b2'}
XP_024621847.1 {'a1b2'}
XP_025741569.1 {'a1b2'}
XP_007104681.1 {'a1b2'}
XP_014639036.1 {'a1b2'}
XP_022436148.1 {'a1b2'}
XP_004425296.1 {'a1b2'}
XP_004425297.1 {'a1b2'}
XP_024621836.1 {'a1b2'}
XP_014639035.1 {'a1b2'}
KAF4023169.1 {'a1b2'}
XP_024621843.1 {'a1b2'}
XP_020728355.1 {'a1b2'}
XP_022436145.1 {'a1b2'}
XP_030692947.1 {'a1b2'}
XP_030692952.1 {'a1b2'}
XP_030692953.1 {'a1b2'}
XP_012390665.1 {'a1b2'}
XP_030692954.1 {'a1b2'}
XP_026977561.1 {'a1b2'}
XP_012418332.1 {'a1b2'}
