PNJ39724.1 cyt
PNI60923.1 cyt
XP_025786740.1 cyt
XP_007092922.2 cyt
XP_010202298.1 cyt
XP_036768099.1 cyt
XP_036768100.1 cyt
XP_036768101.1 cyt
XP_036768102.1 cyt
EPY80402.1 cyt
XP_011374622.1 cyt
XP_011374623.1 cyt
XP_011374624.1 cyt
XP_011374625.1 cyt
XP_017532532.1 cyt
XP_039695699.1 cyt
XP_039695700.1 cyt
XP_017532534.1 cyt
XP_015444422.1 cyt
XP_006911424.1 cyt
XP_015444423.1 cyt
XP_039695701.1 cyt
XP_006911425.1 cyt
XP_039695702.1 cyt
KAF6431969.1 cyt
KAF6372194.1 cyt
OWK03428.1 cyt
XP_005617003.1 cyt
XP_025334288.1 cyt
XP_025856623.1 cyt
XP_025856624.1 cyt
XP_003638924.1 cyt
XP_025856625.1 cyt
XP_025856626.1 cyt
XP_015978833.2 cyt
XP_007940641.1 cyt
XP_015978835.2 cyt
XP_004476205.1 cyt
XP_004476206.1 cyt
XP_005617004.1 cyt
XP_015978836.2 cyt
XP_015978837.2 cyt
XP_006717587.1 cyt
XP_006717588.1 cyt
XP_007940642.1 cyt
BAF85511.1 cyt
XP_007940643.1 cyt
XP_004476207.1 cyt
XP_004476208.1 cyt
ELK13147.1 cyt
VTJ76604.1 cyt
KAF6372186.1 cyt
XP_032961604.1 cyt
XP_006717584.1 cyt
CAH18187.1 cyt
KAF6372190.1 cyt
VTJ76605.1 cyt
NP_003864.5 cyt
ACE87254.1 cyt
AAC12921.1 cyt
ABY87548.1 cyt
NP_001231901.2 cyt
NP_001231902.2 cyt
XP_006717585.1 cyt
XP_039334594.1 cyt
XP_004702349.1 cyt
NP_001316997.2 cyt
XP_035883392.1 cyt
XP_035883398.1 cyt
XP_003938421.1 cyt
AAC51759.1 cyt
XP_005330881.1 cyt
XP_022371402.1 cyt
AAP80144.1 cyt
XP_016872354.1 cyt
XP_004691225.1 cyt
XP_001143690.1 cyt
XP_004702347.1 cyt
XP_028361292.1 cyt
XP_005330882.1 cyt
XP_006889008.1 cyt
XP_026260952.1 cyt
XP_028361291.1 cyt
XP_010347346.1 cyt
XP_003814838.1 cyt
EFB17665.1 cyt
XP_039076463.1 cyt
XP_032693696.1 cyt
XP_032693698.1 cyt
XP_022371398.1 cyt
XP_002923798.2 cyt
XP_039076464.1 cyt
XP_004691227.1 cyt
XP_004702350.1 cyt
XP_004702348.1 cyt
XP_026260953.1 cyt
XP_001143771.3 cyt
XP_006933414.1 cyt
XP_009243527.2 cyt
XP_030177555.1 cyt
XP_030177556.1 cyt
PNJ39710.1 cyt
XP_003988264.1 cyt
XP_039076466.1 cyt
XP_032693699.1 cyt
XP_039076467.1 cyt
XP_017390875.1 cyt
KAF0877286.1 cyt
XP_008050742.1 cyt
XP_011940183.1 cyt
XP_011940185.1 cyt
XP_004774343.2 cyt
XP_032205217.1 cyt
NP_001125021.1 cyt
XP_004774340.1 cyt
XP_011811573.1 cyt
XP_027784450.1 cyt
XP_032205218.1 cyt
XP_030177557.1 cyt
XP_003988265.1 cyt
XP_022371401.1 cyt
XP_022371399.1 cyt
XP_030177558.1 cyt
XP_006933415.1 cyt
XP_032693700.1 cyt
XP_032115557.1 cyt
PNJ39713.1 cyt
XP_005564996.1 cyt
XP_024430636.1 cyt
XP_015338952.1 cyt
NP_001252745.1 cyt
XP_009243528.2 cyt
XP_009243529.2 cyt
XP_011940188.1 cyt
XP_011940189.1 cyt
XP_011811577.1 cyt
ELK24747.1 cyt
XP_030653990.1 cyt
XP_011848691.1 cyt
XP_021565434.1 cyt
XP_021565435.1 cyt
XP_004774341.1 cyt
XP_011811575.1 cyt
XP_004774342.1 cyt
XP_011811576.1 cyt
XP_005564995.1 cyt
XP_006889005.1 cyt
XP_027784451.1 cyt
XP_017390873.1 cyt
XP_017727115.1 cyt
XP_023073916.1 cyt
XP_017727126.1 cyt
XP_025251861.1 cyt
XP_031999683.1 cyt
XP_021520844.1 cyt
VFV46872.1 cyt
XP_011940186.1 cyt
XP_011940187.1 cyt
XP_032205219.1 cyt
XP_011848693.1 cyt
XP_015338953.1 cyt
XP_032205220.1 cyt
XP_027784453.1 cyt
XP_030653991.1 cyt
XP_005564994.1 cyt
XP_002750202.1 cyt
XP_027784454.1 cyt
XP_011848695.1 cyt
XP_011736548.1 cyt
XP_032115555.1 cyt
XP_030796602.1 cyt
XP_026929571.1 cyt
XP_026929572.1 cyt
XP_010362735.1 cyt
XP_017390874.1 cyt
XP_032115556.1 cyt
XP_017727137.1 cyt
XP_025251863.1 cyt
XP_006889006.1 cyt
XP_030796603.1 cyt
XP_026929573.1 cyt
XP_017727147.1 cyt
XP_010362736.1 cyt
XP_026929574.1 cyt
XP_006889007.1 cyt
XP_011848694.1 cyt
XP_025251864.1 cyt
XP_021520845.1 cyt
XP_031999689.1 cyt
VFV46873.1 cyt
XP_017727156.1 cyt
XP_030796604.1 cyt
XP_023073917.1 cyt
XP_010362737.1 cyt
XP_025251865.1 cyt
XP_017727167.1 cyt
BAD92878.1 cyt
XP_011736551.1 cyt
XP_029810125.1 cyt
XP_008000945.1 cyt
XP_008000946.1 cyt
XP_002750200.1 cyt
XP_011736550.1 cyt
XP_008000949.1 cyt
XP_037842435.1 cyt
XP_020016821.1 cyt
XP_008998401.1 cyt
XP_011736549.1 cyt
XP_008000947.1 cyt
XP_008000948.1 cyt
KAF6372188.1 cyt
KAF6372187.1 cyt
XP_019508156.1 cyt
XP_019508157.1 cyt
XP_003786764.1 cyt
XP_020016824.1 cyt
XP_003786765.1 cyt
XP_005885572.1 cyt
XP_006158349.1 cyt
XP_006158350.1 cyt
XP_005885574.1 cyt
XP_005885575.1 cyt
XP_019508158.1 cyt
XP_005885576.1 cyt
XP_012658809.1 cyt
XP_019508159.1 cyt
XP_006158351.1 cyt
XP_006158352.1 cyt
XP_036206692.1 cyt
VFV46874.1 cyt
KAF6431970.1 cyt
XP_014388254.1 cyt
VFV46875.1 cyt
XP_008589590.1 cyt
XP_036206654.1 cyt
XP_036206668.1 cyt
XP_006771012.1 cyt
XP_006771015.1 cyt
XP_036206677.1 cyt
XP_036206682.1 cyt
XP_037366359.1 cyt
XP_037366360.1 cyt
XP_006771016.1 cyt
XP_006771017.1 cyt
AAK77867.1 cyt
XP_010957726.1 cyt
XP_036206701.1 cyt
XP_015424127.1 cyt
KAF6388110.1 cyt
KAF6372191.1 cyt
