5L73_A MAM
XP_030888455.1 MAM
XP_011848697.1 MAM
XP_025251866.1 MAM
PNI60915.1 MAM
XP_016872355.1 MAM
PNJ39715.1 MAM
ELW48461.1 MAM
KAF6372187.1 MAM
XP_008589590.1 MAM
XP_025786740.1 MAM
XP_008507346.1 MAM
XP_005890242.1 MAM
KAF3815799.1 MAM
XP_012864692.1 MAM
XP_005564996.1 MAM
XP_006717588.1 MAM
BAD92878.1 MAM
XP_011736551.1 MAM
XP_015338953.1 MAM
XP_026260953.1 MAM
XP_005330882.1 MAM
XP_021565435.1 MAM
XP_011736549.1 MAM
XP_011940187.1 MAM
XP_031508265.1 MAM
XP_012631964.1 MAM
XP_004049297.1 MAM
XP_012497644.1 MAM
XP_005564994.1 MAM
XP_008050742.1 MAM
XP_031508263.1 MAM
XP_001143771.3 MAM
XP_011848694.1 MAM
XP_025251861.1 MAM
XP_011848691.1 MAM
NP_001252745.1 MAM
XP_030653991.1 MAM
XP_031999689.1 MAM
XP_012631962.1 MAM
XP_011940185.1 MAM
NP_001231902.2 MAM
XP_005330881.1 MAM
XP_026260952.1 MAM
XP_015338952.1 MAM
XP_031999683.1 MAM
CAH18187.1 MAM
XP_025251864.1 MAM
XP_012497643.1 MAM
XP_011736548.1 MAM
XP_001143690.1 MAM
AAC51759.1 MAM
ABY87548.1 MAM
XP_030653990.1 MAM
XP_004049296.1 MAM
ACE86571.1 MAM
NP_003864.5 MAM
ACE87254.1 MAM
VTJ76605.1 MAM
VTJ76604.1 MAM
XP_016872354.1 MAM
NP_001316997.2 MAM
XP_003814838.1 MAM
XP_009243529.2 MAM
XP_011736550.1 MAM
PNJ39710.1 MAM
KAF6372188.1 MAM
XP_036983300.1 MAM
XP_025251865.1 MAM
XP_005564995.1 MAM
XP_019828556.1 MAM
XP_012631966.1 MAM
XP_019828559.1 MAM
XP_011848695.1 MAM
XP_011940189.1 MAM
XP_036983297.1 MAM
XP_027784453.1 MAM
PNJ39713.1 MAM
XP_027832380.1 MAM
XP_020728354.1 MAM
XP_027832378.1 MAM
XP_006063271.1 MAM
XP_020016824.1 MAM
XP_006158350.1 MAM
XP_010598582.1 MAM
XP_027784450.1 MAM
XP_006063269.1 MAM
XP_020728356.1 MAM
XP_020016821.1 MAM
VFV46875.1 MAM
XP_003420766.1 MAM
XP_008154499.1 MAM
XP_008154501.1 MAM
VFV46874.1 MAM
XP_004861935.1 MAM
XP_004861936.1 MAM
EHB16736.1 MAM
XP_004691227.1 MAM
XP_006158352.1 MAM
XP_023395562.1 MAM
XP_004691225.1 MAM
KAB0382652.1 MAM
XP_010858190.1 MAM
NP_001125021.1 MAM
XP_019828562.1 MAM
XP_010809435.1 MAM
XP_010858188.1 MAM
XP_005890241.1 MAM
XP_019828560.1 MAM
XP_005890239.1 MAM
NP_001192589.1 MAM
XP_023395555.1 MAM
XP_004861938.1 MAM
XP_004401884.1 MAM
XP_025741570.1 MAM
XP_021520845.1 MAM
XP_026929574.1 MAM
XP_008998401.1 MAM
XP_037691517.1 MAM
XP_004401883.1 MAM
XP_023597745.1 MAM
XP_037691516.1 MAM
XP_017912560.1 MAM
XP_006933415.1 MAM
XP_008000946.1 MAM
XP_032115556.1 MAM
XP_017912562.1 MAM
XP_025741568.1 MAM
XP_039076464.1 MAM
XP_039076467.1 MAM
XP_002750200.1 MAM
XP_008000948.1 MAM
XP_007104682.1 MAM
ELK13147.1 MAM
XP_007104684.1 MAM
XP_026929572.1 MAM
KFO18907.1 MAM
XP_021541700.1 MAM
XP_017390874.1 MAM
XP_030177558.1 MAM
XP_034885422.1 MAM
XP_030177556.1 MAM
XP_003988264.1 MAM
XP_021520844.1 MAM
XP_034885424.1 MAM
XP_032251570.1 MAM
XP_027784454.1 MAM
XP_024430636.1 MAM
XP_007471386.1 MAM
XP_017390873.1 MAM
AAC12921.1 MAM
XP_032115555.1 MAM
XP_032251568.1 MAM
XP_037842435.1 MAM
XP_007471384.1 MAM
XP_006717587.1 MAM
XP_026339257.1 MAM
XP_026339255.1 MAM
KAF6388110.1 MAM
XP_005003257.1 MAM
XP_017390875.1 MAM
XP_002750202.1 MAM
XP_004275963.1 MAM
OBS68730.1 MAM
AAP80144.1 MAM
XP_008682128.1 MAM
EFB17665.1 MAM
XP_004275964.1 MAM
XP_032115557.1 MAM
KAB0353081.1 MAM
BAF85511.1 MAM
XP_007471387.1 MAM
XP_008682130.1 MAM
XP_003468670.1 MAM
XP_021565434.1 MAM
KAF6372190.1 MAM
XP_036983301.1 MAM
NP_001231901.2 MAM
XP_012631963.1 MAM
XP_031508264.1 MAM
XP_002923798.2 MAM
XP_011940186.1 MAM
XP_031508261.1 MAM
XP_011848693.1 MAM
XP_006911425.1 MAM
XP_011940183.1 MAM
XP_012631961.1 MAM
XP_011374625.1 MAM
XP_039695702.1 MAM
XP_006871318.1 MAM
XP_025251863.1 MAM
XP_032961604.1 MAM
XP_006871316.1 MAM
XP_006717584.1 MAM
XP_036895774.1 MAM
XP_006911424.1 MAM
XP_007189911.1 MAM
XP_011374623.1 MAM
XP_039695700.1 MAM
XP_036895772.1 MAM
XP_032961603.1 MAM
XP_007940641.1 MAM
KAF6372191.1 MAM
XP_028361291.1 MAM
XP_005885576.1 MAM
XP_007940643.1 MAM
XP_036206668.1 MAM
XP_005003259.1 MAM
XP_006771017.1 MAM
XP_009243528.2 MAM
XP_007189909.1 MAM
XP_027988109.1 MAM
XP_005885574.1 MAM
XP_006771015.1 MAM
XP_006717585.1 MAM
XP_035883398.1 MAM
XP_009243527.2 MAM
XP_006871319.1 MAM
XP_036206682.1 MAM
XP_027988108.1 MAM
XP_022371399.1 MAM
XP_004774342.1 MAM
XP_019828557.1 MAM
XP_032693700.1 MAM
XP_011940188.1 MAM
XP_037366360.1 MAM
XP_036103118.1 MAM
XP_032474530.1 MAM
XP_022371398.1 MAM
XP_036983299.1 MAM
XP_012631965.1 MAM
XP_036103135.1 MAM
XP_032693698.1 MAM
XP_036983296.1 MAM
XP_019828555.1 MAM
XP_037366359.1 MAM
XP_004774340.1 MAM
KAF6501651.1 MAM
XP_027988110.1 MAM
XP_027784451.1 MAM
XP_022436149.1 MAM
XP_019508159.1 MAM
XP_022436147.1 MAM
XP_032474493.1 MAM
XP_027832379.1 MAM
XP_020728353.1 MAM
XP_024621856.1 MAM
XP_006063270.1 MAM
XP_010598581.1 MAM
XP_006158349.1 MAM
